{
  "RSpec": {
    "coverage": {
      "/home/cmb84scd/projects/review3/spec/spellcheck_spec.rb": {
        "lines": [
          1,
          null,
          1,
          1,
          1,
          null,
          null,
          1,
          1,
          null,
          null,
          null,
          null,
          null,
          null
        ]
      },
      "/home/cmb84scd/projects/review3/lib/spellcheck.rb": {
        "lines": [
          1,
          5,
          null
        ]
      }
    },
    "timestamp": 1610030934
  }
}
